[INFO|test_logger|index.py:20] 2024-12-02 13:51:05,865 > log
[DEBUG|test_logger|index.py:21] 2024-12-02 13:51:05,866 > log
[INFO|test_logger|index.py:24] 2024-12-02 13:51:05,867 > log2
[INFO|test_logger|index.py:20] 2024-12-02 13:51:55,851 > log
[DEBUG|test_logger|index.py:21] 2024-12-02 13:51:55,853 > log
[INFO|test_logger|index.py:24] 2024-12-02 13:51:55,854 > log2
[INFO|test_logger|index.py:20] 2024-12-02 13:52:27,576 > log
[DEBUG|test_logger|index.py:21] 2024-12-02 13:52:27,577 > log
[INFO|test_logger|index.py:24] 2024-12-02 13:52:27,577 > log2
[INFO|test_logger|index.py:20] 2024-12-02 13:53:33,138 > log
[DEBUG|test_logger|index.py:21] 2024-12-02 13:53:33,139 > log
[INFO|test_logger|index.py:24] 2024-12-02 13:53:33,140 > log2
[INFO|test_logger|index.py:20] 2024-12-02 13:54:08,851 > log
[DEBUG|test_logger|index.py:21] 2024-12-02 13:54:08,852 > log
[INFO|test_logger|index.py:24] 2024-12-02 13:54:08,853 > log2
[INFO|test_logger|index.py:20] 2024-12-02 13:54:28,054 > log
[DEBUG|test_logger|index.py:21] 2024-12-02 13:54:28,055 > log
[INFO|test_logger|index.py:24] 2024-12-02 13:54:28,056 > log2
[INFO|test_logger|index.py:20] 2024-12-02 13:54:47,642 > log
[DEBUG|test_logger|index.py:21] 2024-12-02 13:54:47,643 > log
[INFO|test_logger|index.py:24] 2024-12-02 13:54:47,644 > log2
[INFO|test_logger|index.py:20] 2024-12-02 14:02:34,389 > log
[DEBUG|test_logger|index.py:21] 2024-12-02 14:02:34,390 > log
[INFO|test_logger|index.py:24] 2024-12-02 14:02:34,391 > log2
[INFO|test_logger|index.py:20] 2024-12-02 14:03:00,150 > log
[DEBUG|test_logger|index.py:21] 2024-12-02 14:03:00,151 > log
[INFO|test_logger|index.py:24] 2024-12-02 14:03:00,151 > log2
[INFO|test_logger|index.py:20] 2024-12-02 14:04:09,508 > log
[DEBUG|test_logger|index.py:21] 2024-12-02 14:04:09,509 > log
[INFO|test_logger|index.py:24] 2024-12-02 14:04:09,510 > log2
[INFO|test_logger|index.py:20] 2024-12-02 14:04:45,997 > log
[DEBUG|test_logger|index.py:21] 2024-12-02 14:04:46,000 > log
[INFO|test_logger|index.py:24] 2024-12-02 14:04:46,001 > log2
[INFO|test_logger|index.py:20] 2024-12-02 14:08:52,808 > log
[DEBUG|test_logger|index.py:21] 2024-12-02 14:08:52,809 > log
[INFO|test_logger|index.py:24] 2024-12-02 14:08:52,810 > log2
[INFO|Main.logger.Start|index.py:20] 2024-12-02 14:10:16,460 > log
[DEBUG|Main.logger.Start|index.py:21] 2024-12-02 14:10:16,461 > log
[DEBUG|Main.logger.Start|index.py:21] 2024-12-02 14:12:49,221 > log
[DEBUG|Main.logger.Start|index.py:21] 2024-12-02 14:13:49,965 > log
[DEBUG|Main.logger.Start|index.py:21] 2024-12-02 14:25:21,325 > log
[DEBUG|Main.logger.Start|index.py:21] 2024-12-02 14:26:32,455 > log
[DEBUG|Main.logger.Start|index.py:21] 2024-12-02 14:28:29,602 > log
[DEBUG|Main.logger.Start|index.py:21] 2024-12-02 14:35:54,137 > log
[DEBUG|Main.logger.Start|index.py:21] 2024-12-10 16:16:36,843 > log
[DEBUG|Main.logger.Start|index.py:21] 2024-12-10 16:17:44,847 > log
[DEBUG|Main.logger.Start|index.py:21] 2024-12-10 16:18:14,843 > log
[DEBUG|Main.logger.Start|index.py:21] 2024-12-10 16:18:43,345 > log
[DEBUG|Main.logger.Start|index.py:21] 2024-12-11 17:47:53,380 > log
[DEBUG|Main.logger.Start|index.py:21] 2024-12-12 09:54:49,228 > log
[DEBUG|Main.logger.Start|index.py:21] 2024-12-17 10:58:44,714 > log
[DEBUG|Main.logger.Start|index.py:21] 2024-12-17 11:30:02,853 > log
[DEBUG|Main.logger.Start|index.py:21] 2024-12-18 09:16:57,113 > log
[DEBUG|Main.logger.Start|index.py:21] 2025-02-06 17:18:22,442 > log
